<?xml version="1.0" encoding="UTF-8"?>
<robot generator="Robot 6.1.1 (Python 3.12.0 on darwin)" generated="20240304 20:28:21.717" rpa="false" schemaversion="4">
<suite id="s1" name="Test Prime" source="/Users/Jan/Desktop/ce-kmitl-3:2/softdev-practice/softdev-labexam/softdev-robot/robot-test/test_prime.robot">
<test id="s1-t1" name="true_when_x_is_17" line="5">
<kw name="GET" library="RequestsLibrary">
<var>${resp}</var>
<arg>http://localhost:3000/is_prime/11</arg>
<doc>Sends a GET request.</doc>
<msg timestamp="20240304 20:28:21.848" level="INFO">GET Request : url=http://localhost:3000/is_prime/11 
 path_url=/is_prime/11 
 headers={'User-Agent': 'python-requests/2.31.0', 'Accept-Encoding': 'gzip, deflate', 'Accept': '*/*', 'Connection': 'keep-alive'} 
 body=None 
 </msg>
<msg timestamp="20240304 20:28:21.848" level="INFO">GET Response : url=http://localhost:3000/is_prime/11 
 status=200, reason=OK 
 headers={'X-Powered-By': 'Express', 'Content-Type': 'text/html; charset=utf-8', 'Content-Length': '4', 'ETag': 'W/"4-X/5TO4MPCKAyY0ipFgr6/IraRNs"', 'Date': 'Mon, 04 Mar 2024 13:28:21 GMT', 'Connection': 'keep-alive', 'Keep-Alive': 'timeout=5'} 
 body=true 
 </msg>
<msg timestamp="20240304 20:28:21.848" level="INFO">${resp} = &lt;Response [200]&gt;</msg>
<status status="PASS" starttime="20240304 20:28:21.820" endtime="20240304 20:28:21.848"/>
</kw>
<kw name="Should Be Equal" library="BuiltIn">
<arg>${resp.status_code}</arg>
<arg>${200}</arg>
<doc>Fails if the given objects are unequal.</doc>
<status status="PASS" starttime="20240304 20:28:21.848" endtime="20240304 20:28:21.849"/>
</kw>
<kw name="Should Be Equal" library="BuiltIn">
<arg>${resp.text}</arg>
<arg>true</arg>
<doc>Fails if the given objects are unequal.</doc>
<status status="PASS" starttime="20240304 20:28:21.849" endtime="20240304 20:28:21.849"/>
</kw>
<kw name="Delete All Sessions" library="RequestsLibrary">
<doc>Removes all the session objects</doc>
<msg timestamp="20240304 20:28:21.849" level="INFO">Deleting All Sessions</msg>
<status status="PASS" starttime="20240304 20:28:21.849" endtime="20240304 20:28:21.849"/>
</kw>
<doc>true_when_x_is_11</doc>
<status status="PASS" starttime="20240304 20:28:21.820" endtime="20240304 20:28:21.849"/>
</test>
<test id="s1-t2" name="false_when_x_is_36" line="12">
<kw name="GET" library="RequestsLibrary">
<var>${resp}</var>
<arg>http://localhost:3000/is_prime/36</arg>
<doc>Sends a GET request.</doc>
<msg timestamp="20240304 20:28:21.853" level="INFO">GET Request : url=http://localhost:3000/is_prime/36 
 path_url=/is_prime/36 
 headers={'User-Agent': 'python-requests/2.31.0', 'Accept-Encoding': 'gzip, deflate', 'Accept': '*/*', 'Connection': 'keep-alive'} 
 body=None 
 </msg>
<msg timestamp="20240304 20:28:21.853" level="INFO">GET Response : url=http://localhost:3000/is_prime/36 
 status=200, reason=OK 
 headers={'X-Powered-By': 'Express', 'Content-Type': 'text/html; charset=utf-8', 'Content-Length': '5', 'ETag': 'W/"5-fLbvuYullyqbUJDcLlF/4U0SywQ"', 'Date': 'Mon, 04 Mar 2024 13:28:21 GMT', 'Connection': 'keep-alive', 'Keep-Alive': 'timeout=5'} 
 body=false 
 </msg>
<msg timestamp="20240304 20:28:21.853" level="INFO">${resp} = &lt;Response [200]&gt;</msg>
<status status="PASS" starttime="20240304 20:28:21.849" endtime="20240304 20:28:21.853"/>
</kw>
<kw name="Should Be Equal" library="BuiltIn">
<arg>${resp.status_code}</arg>
<arg>${200}</arg>
<doc>Fails if the given objects are unequal.</doc>
<status status="PASS" starttime="20240304 20:28:21.854" endtime="20240304 20:28:21.854"/>
</kw>
<kw name="Should Be Equal" library="BuiltIn">
<arg>${resp.text}</arg>
<arg>false</arg>
<doc>Fails if the given objects are unequal.</doc>
<status status="PASS" starttime="20240304 20:28:21.854" endtime="20240304 20:28:21.854"/>
</kw>
<kw name="Delete All Sessions" library="RequestsLibrary">
<doc>Removes all the session objects</doc>
<msg timestamp="20240304 20:28:21.854" level="INFO">Deleting All Sessions</msg>
<status status="PASS" starttime="20240304 20:28:21.854" endtime="20240304 20:28:21.854"/>
</kw>
<doc>false_when_x_is_36</doc>
<status status="PASS" starttime="20240304 20:28:21.849" endtime="20240304 20:28:21.854"/>
</test>
<test id="s1-t3" name="true_when_x_is_13219" line="19">
<kw name="GET" library="RequestsLibrary">
<var>${resp}</var>
<arg>http://localhost:3000/is_prime/13219</arg>
<doc>Sends a GET request.</doc>
<msg timestamp="20240304 20:28:21.858" level="INFO">GET Request : url=http://localhost:3000/is_prime/13219 
 path_url=/is_prime/13219 
 headers={'User-Agent': 'python-requests/2.31.0', 'Accept-Encoding': 'gzip, deflate', 'Accept': '*/*', 'Connection': 'keep-alive'} 
 body=None 
 </msg>
<msg timestamp="20240304 20:28:21.858" level="INFO">GET Response : url=http://localhost:3000/is_prime/13219 
 status=200, reason=OK 
 headers={'X-Powered-By': 'Express', 'Content-Type': 'text/html; charset=utf-8', 'Content-Length': '4', 'ETag': 'W/"4-X/5TO4MPCKAyY0ipFgr6/IraRNs"', 'Date': 'Mon, 04 Mar 2024 13:28:21 GMT', 'Connection': 'keep-alive', 'Keep-Alive': 'timeout=5'} 
 body=true 
 </msg>
<msg timestamp="20240304 20:28:21.858" level="INFO">${resp} = &lt;Response [200]&gt;</msg>
<status status="PASS" starttime="20240304 20:28:21.854" endtime="20240304 20:28:21.858"/>
</kw>
<kw name="Should Be Equal" library="BuiltIn">
<arg>${resp.status_code}</arg>
<arg>${200}</arg>
<doc>Fails if the given objects are unequal.</doc>
<status status="PASS" starttime="20240304 20:28:21.858" endtime="20240304 20:28:21.858"/>
</kw>
<kw name="Should Be Equal" library="BuiltIn">
<arg>${resp.text}</arg>
<arg>true</arg>
<doc>Fails if the given objects are unequal.</doc>
<status status="PASS" starttime="20240304 20:28:21.858" endtime="20240304 20:28:21.858"/>
</kw>
<kw name="Delete All Sessions" library="RequestsLibrary">
<doc>Removes all the session objects</doc>
<msg timestamp="20240304 20:28:21.859" level="INFO">Deleting All Sessions</msg>
<status status="PASS" starttime="20240304 20:28:21.858" endtime="20240304 20:28:21.859"/>
</kw>
<doc>true_when_x_is_13219</doc>
<status status="PASS" starttime="20240304 20:28:21.854" endtime="20240304 20:28:21.859"/>
</test>
<status status="PASS" starttime="20240304 20:28:21.717" endtime="20240304 20:28:21.859"/>
</suite>
<statistics>
<total>
<stat pass="3" fail="0" skip="0">All Tests</stat>
</total>
<tag>
</tag>
<suite>
<stat pass="3" fail="0" skip="0" id="s1" name="Test Prime">Test Prime</stat>
</suite>
</statistics>
<errors>
</errors>
</robot>
